<?xml version="1.0" encoding="UTF-8"?>
<testng-results ignored="0" total="1" passed="1" failed="0" skipped="0">
  <reporter-output>
  </reporter-output>
  <suite started-at="2023-07-08T21:16:12 IST" name="Failed suite [Failed suite [Suite]]" finished-at="2023-07-08T21:16:24 IST" duration-ms="12609">
    <groups>
      <group name="Master">
        <method signature="TC_001_Account_RegistrationPage.test_account_Registration()[pri:0, instance:testCases.TC_001_Account_RegistrationPage@46cdf8bd]" name="test_account_Registration" class="testCases.TC_001_Account_RegistrationPage"/>
      </group> <!-- Master -->
      <group name="Regression">
        <method signature="TC_001_Account_RegistrationPage.test_account_Registration()[pri:0, instance:testCases.TC_001_Account_RegistrationPage@46cdf8bd]" name="test_account_Registration" class="testCases.TC_001_Account_RegistrationPage"/>
      </group> <!-- Regression -->
    </groups>
    <test started-at="2023-07-08T21:16:12 IST" name="Test(failed)(failed)" finished-at="2023-07-08T21:16:24 IST" duration-ms="12609">
      <class name="testCases.TC_001_Account_RegistrationPage">
        <test-method is-config="true" signature="setUp(java.lang.String)[pri:0, instance:testCases.TC_001_Account_RegistrationPage@46cdf8bd]" started-at="2023-07-08T21:16:12 IST" name="setUp" finished-at="2023-07-08T21:16:18 IST" duration-ms="6243" status="PASS">
          <params>
            <param index="0">
              <value>
                <![CDATA[chrome]]>
              </value>
            </param>
          </params>
          <reporter-output>
          </reporter-output>
        </test-method> <!-- setUp -->
        <test-method signature="test_account_Registration()[pri:0, instance:testCases.TC_001_Account_RegistrationPage@46cdf8bd]" started-at="2023-07-08T21:16:18 IST" name="test_account_Registration" finished-at="2023-07-08T21:16:24 IST" duration-ms="5877" status="PASS">
          <reporter-output>
          </reporter-output>
        </test-method> <!-- test_account_Registration -->
        <test-method is-config="true" signature="tearDown()[pri:0, instance:testCases.TC_001_Account_RegistrationPage@46cdf8bd]" started-at="2023-07-08T21:16:24 IST" name="tearDown" finished-at="2023-07-08T21:16:24 IST" duration-ms="242" status="PASS">
          <reporter-output>
          </reporter-output>
        </test-method> <!-- tearDown -->
      </class> <!-- testCases.TC_001_Account_RegistrationPage -->
    </test> <!-- Test(failed)(failed) -->
  </suite> <!-- Failed suite [Failed suite [Suite]] -->
</testng-results>
